{"level":"info","message":"✅ Database connected successfully","timestamp":"2026-03-06T06:40:38.018Z"}
{"level":"info","message":"🚀 Server running on port 2009","timestamp":"2026-03-06T06:40:38.022Z"}
{"level":"info","message":"✅ Database connected successfully","timestamp":"2026-03-12T02:56:50.670Z"}
{"level":"info","message":"🚀 Server running on port 2009","timestamp":"2026-03-12T02:56:50.676Z"}
{"level":"info","message":"\u001b[0mGET /api/v1/transaction-entry \u001b[33m404\u001b[0m 1.923 ms - 163\u001b[0m","timestamp":"2026-03-12T02:57:13.863Z"}
{"level":"info","message":"✅ Database connected successfully","timestamp":"2026-03-12T02:58:03.947Z"}
{"level":"info","message":"🚀 Server running on port 2009","timestamp":"2026-03-12T02:58:03.951Z"}
{"level":"info","message":"✅ Database connected successfully","timestamp":"2026-03-12T02:58:13.815Z"}
{"level":"info","message":"🚀 Server running on port 2009","timestamp":"2026-03-12T02:58:13.820Z"}
{"level":"info","message":"✅ Database connected successfully","timestamp":"2026-03-12T02:58:16.716Z"}
{"level":"info","message":"🚀 Server running on port 2009","timestamp":"2026-03-12T02:58:16.720Z"}
{"level":"info","message":"\u001b[0mGET /api/v1/transaction-entry \u001b[32m200\u001b[0m 16.186 ms - 36\u001b[0m","timestamp":"2026-03-12T02:58:52.692Z"}
{"level":"info","message":"✅ Database connected successfully","timestamp":"2026-03-12T02:59:27.276Z"}
{"level":"info","message":"🚀 Server running on port 2009","timestamp":"2026-03-12T02:59:27.280Z"}
{"level":"info","message":"\u001b[0mGET /api/v1/transaction-entry \u001b[32m200\u001b[0m 6.357 ms - 36\u001b[0m","timestamp":"2026-03-12T02:59:33.297Z"}
{"level":"info","message":"\u001b[0mGET /api/v1/transaction-entry \u001b[32m200\u001b[0m 2.661 ms - 419\u001b[0m","timestamp":"2026-03-12T03:02:32.507Z"}
{"level":"info","message":"✅ Database connected successfully","timestamp":"2026-03-12T03:03:36.987Z"}
{"level":"info","message":"🚀 Server running on port 2009","timestamp":"2026-03-12T03:03:36.991Z"}
{"level":"info","message":"✅ Database connected successfully","timestamp":"2026-03-12T03:03:37.894Z"}
{"level":"info","message":"🚀 Server running on port 2009","timestamp":"2026-03-12T03:03:37.899Z"}
{"level":"info","message":"\u001b[0mGET /api/v1/transaction-entry \u001b[32m200\u001b[0m 8.157 ms - 419\u001b[0m","timestamp":"2026-03-12T03:03:40.152Z"}
{"level":"info","message":"✅ Database connected successfully","timestamp":"2026-03-12T05:25:16.941Z"}
{"level":"info","message":"🚀 Server running on port 2009","timestamp":"2026-03-12T05:25:16.945Z"}
{"level":"info","message":"✅ Database connected successfully","timestamp":"2026-03-12T05:26:05.720Z"}
{"level":"info","message":"🚀 Server running on port 2009","timestamp":"2026-03-12T05:26:05.725Z"}
{"level":"info","message":"✅ Database connected successfully","timestamp":"2026-03-12T05:26:25.059Z"}
{"level":"info","message":"🚀 Server running on port 2009","timestamp":"2026-03-12T05:26:25.065Z"}
{"level":"info","message":"✅ Database connected successfully","timestamp":"2026-03-12T05:26:35.581Z"}
{"level":"info","message":"🚀 Server running on port 2009","timestamp":"2026-03-12T05:26:35.587Z"}
{"level":"info","message":"✅ Database connected successfully","timestamp":"2026-03-12T05:26:43.958Z"}
{"level":"info","message":"🚀 Server running on port 2009","timestamp":"2026-03-12T05:26:43.963Z"}
{"level":"info","message":"✅ Database connected successfully","timestamp":"2026-03-12T05:27:10.383Z"}
{"level":"info","message":"🚀 Server running on port 2009","timestamp":"2026-03-12T05:27:10.387Z"}
{"level":"info","message":"✅ Database connected successfully","timestamp":"2026-03-12T05:27:17.899Z"}
{"level":"info","message":"🚀 Server running on port 2009","timestamp":"2026-03-12T05:27:17.939Z"}
{"level":"info","message":"✅ Database connected successfully","timestamp":"2026-03-12T05:27:49.841Z"}
{"level":"info","message":"🚀 Server running on port 2009","timestamp":"2026-03-12T05:27:49.847Z"}
{"level":"info","message":"✅ Database connected successfully","timestamp":"2026-03-12T05:28:39.177Z"}
{"level":"info","message":"🚀 Server running on port 2009","timestamp":"2026-03-12T05:28:39.181Z"}
{"level":"info","message":"✅ Database connected successfully","timestamp":"2026-03-12T05:28:53.070Z"}
{"level":"info","message":"🚀 Server running on port 2009","timestamp":"2026-03-12T05:28:53.075Z"}
{"level":"info","message":"✅ Database connected successfully","timestamp":"2026-03-12T05:28:58.053Z"}
{"level":"info","message":"🚀 Server running on port 2009","timestamp":"2026-03-12T05:28:58.058Z"}
{"level":"info","message":"✅ Database connected successfully","timestamp":"2026-03-12T05:29:03.192Z"}
{"level":"info","message":"🚀 Server running on port 2009","timestamp":"2026-03-12T05:29:03.198Z"}
{"level":"info","message":"✅ Database connected successfully","timestamp":"2026-03-12T05:29:13.087Z"}
{"level":"info","message":"🚀 Server running on port 2009","timestamp":"2026-03-12T05:29:13.091Z"}
{"level":"info","message":"✅ Database connected successfully","timestamp":"2026-03-12T05:29:21.990Z"}
{"level":"info","message":"🚀 Server running on port 2009","timestamp":"2026-03-12T05:29:22.003Z"}
{"level":"info","message":"✅ Database connected successfully","timestamp":"2026-03-12T05:29:47.965Z"}
{"level":"info","message":"🚀 Server running on port 2009","timestamp":"2026-03-12T05:29:47.969Z"}
{"level":"info","message":"✅ Database connected successfully","timestamp":"2026-03-12T05:30:06.548Z"}
{"level":"info","message":"🚀 Server running on port 2009","timestamp":"2026-03-12T05:30:06.553Z"}
{"level":"info","message":"✅ Database connected successfully","timestamp":"2026-03-12T05:30:21.839Z"}
{"level":"info","message":"🚀 Server running on port 2009","timestamp":"2026-03-12T05:30:21.845Z"}
{"level":"info","message":"✅ Database connected successfully","timestamp":"2026-03-12T05:30:25.642Z"}
{"level":"info","message":"🚀 Server running on port 2009","timestamp":"2026-03-12T05:30:25.649Z"}
{"level":"info","message":"✅ Database connected successfully","timestamp":"2026-03-12T05:31:03.320Z"}
{"level":"info","message":"🚀 Server running on port 2009","timestamp":"2026-03-12T05:31:03.325Z"}
{"level":"info","message":"✅ Database connected successfully","timestamp":"2026-03-12T05:31:48.599Z"}
{"level":"info","message":"🚀 Server running on port 2009","timestamp":"2026-03-12T05:31:48.603Z"}
{"level":"info","message":"✅ Database connected successfully","timestamp":"2026-03-12T05:31:50.098Z"}
{"level":"info","message":"🚀 Server running on port 2009","timestamp":"2026-03-12T05:31:50.103Z"}
{"level":"info","message":"✅ Database connected successfully","timestamp":"2026-03-12T05:31:54.302Z"}
{"level":"info","message":"🚀 Server running on port 2009","timestamp":"2026-03-12T05:31:54.307Z"}
{"level":"info","message":"✅ Database connected successfully","timestamp":"2026-03-12T05:31:58.821Z"}
{"level":"info","message":"🚀 Server running on port 2009","timestamp":"2026-03-12T05:31:58.826Z"}
{"level":"info","message":"✅ Database connected successfully","timestamp":"2026-03-12T05:32:01.949Z"}
{"level":"info","message":"🚀 Server running on port 2009","timestamp":"2026-03-12T05:32:01.953Z"}
{"level":"info","message":"✅ Database connected successfully","timestamp":"2026-03-12T05:32:26.705Z"}
{"level":"info","message":"🚀 Server running on port 2009","timestamp":"2026-03-12T05:32:26.711Z"}
{"level":"info","message":"✅ Database connected successfully","timestamp":"2026-03-12T05:32:39.015Z"}
{"level":"info","message":"🚀 Server running on port 2009","timestamp":"2026-03-12T05:32:39.021Z"}
{"level":"info","message":"✅ Database connected successfully","timestamp":"2026-03-12T05:32:44.699Z"}
{"level":"info","message":"🚀 Server running on port 2009","timestamp":"2026-03-12T05:32:44.703Z"}
{"level":"info","message":"✅ Database connected successfully","timestamp":"2026-03-12T05:33:10.859Z"}
{"level":"info","message":"🚀 Server running on port 2009","timestamp":"2026-03-12T05:33:10.864Z"}
{"level":"info","message":"✅ Database connected successfully","timestamp":"2026-03-12T05:33:14.275Z"}
{"level":"info","message":"🚀 Server running on port 2009","timestamp":"2026-03-12T05:33:14.280Z"}
{"level":"info","message":"\u001b[0mGET /api/v1/hu-entry/2 \u001b[33m404\u001b[0m 14.095 ms - 44\u001b[0m","timestamp":"2026-03-12T05:34:16.143Z"}
{"level":"info","message":"\u001b[0mGET /api/v1/hu-entry/2 \u001b[33m404\u001b[0m 2.240 ms - 44\u001b[0m","timestamp":"2026-03-12T05:34:56.673Z"}
{"level":"info","message":"✅ Database connected successfully","timestamp":"2026-03-12T05:44:48.345Z"}
{"level":"info","message":"🚀 Server running on port 2009","timestamp":"2026-03-12T05:44:48.349Z"}
{"level":"info","message":"\u001b[0mGET /api/v1/hu-entry/2 \u001b[33m404\u001b[0m 7.036 ms - 62\u001b[0m","timestamp":"2026-03-12T05:44:50.059Z"}
{"level":"info","message":"\u001b[0mGET /api/v1/hu-entry/2 \u001b[33m404\u001b[0m 3.906 ms - 62\u001b[0m","timestamp":"2026-03-12T06:03:11.301Z"}
{"level":"info","message":"✅ Database connected successfully","timestamp":"2026-03-12T06:24:51.592Z"}
{"level":"info","message":"🚀 Server running on port 2009","timestamp":"2026-03-12T06:24:51.596Z"}
{"level":"info","message":"\u001b[0mGET /api/v1/hu-entry/2 \u001b[33m404\u001b[0m 15.665 ms - 62\u001b[0m","timestamp":"2026-03-12T06:24:57.099Z"}
{"level":"info","message":"✅ Database connected successfully","timestamp":"2026-03-12T06:25:24.761Z"}
{"level":"info","message":"🚀 Server running on port 2009","timestamp":"2026-03-12T06:25:24.766Z"}
{"level":"info","message":"\u001b[0mGET /api/v1/hu-entry/2 \u001b[33m404\u001b[0m 7.133 ms - 62\u001b[0m","timestamp":"2026-03-12T06:25:27.998Z"}
{"level":"info","message":"✅ Database connected successfully","timestamp":"2026-03-12T06:25:36.398Z"}
{"level":"info","message":"🚀 Server running on port 2009","timestamp":"2026-03-12T06:25:36.402Z"}
{"level":"info","message":"\u001b[0mGET /api/v1/hu-entry/2?transactionId=2 \u001b[33m404\u001b[0m 12.575 ms - 62\u001b[0m","timestamp":"2026-03-12T06:28:05.481Z"}
{"level":"info","message":"✅ Database connected successfully","timestamp":"2026-03-12T06:29:39.664Z"}
{"level":"info","message":"🚀 Server running on port 2009","timestamp":"2026-03-12T06:29:39.671Z"}
{"level":"info","message":"✅ Database connected successfully","timestamp":"2026-03-12T06:30:17.210Z"}
{"level":"info","message":"🚀 Server running on port 2009","timestamp":"2026-03-12T06:30:17.215Z"}
{"level":"info","message":"✅ Database connected successfully","timestamp":"2026-03-12T06:30:28.994Z"}
{"level":"info","message":"🚀 Server running on port 2009","timestamp":"2026-03-12T06:30:28.999Z"}
{"level":"info","message":"✅ Database connected successfully","timestamp":"2026-03-12T06:30:31.410Z"}
{"level":"info","message":"🚀 Server running on port 2009","timestamp":"2026-03-12T06:30:31.415Z"}
{"level":"info","message":"\u001b[0mGET /api/v1/hu-entry/2?transactionId=2 \u001b[32m200\u001b[0m 10.043 ms - 293\u001b[0m","timestamp":"2026-03-12T06:30:38.320Z"}
{"level":"info","message":"\u001b[0mGET /api/v1/hu-entry/2 \u001b[32m200\u001b[0m 2.445 ms - 293\u001b[0m","timestamp":"2026-03-12T06:30:54.760Z"}
{"level":"info","message":"✅ Database connected successfully","timestamp":"2026-03-12T06:31:07.258Z"}
{"level":"info","message":"🚀 Server running on port 2009","timestamp":"2026-03-12T06:31:07.262Z"}
{"level":"info","message":"\u001b[0mGET /api/v1/hu-entry/2 \u001b[32m200\u001b[0m 21.926 ms - 293\u001b[0m","timestamp":"2026-03-12T07:21:36.666Z"}
{"level":"info","message":"\u001b[0mGET /api/v1/hu-entry/2 \u001b[32m200\u001b[0m 2.424 ms - 293\u001b[0m","timestamp":"2026-03-12T07:44:00.220Z"}
{"level":"info","message":"\u001b[0mGET /api/v1/hu-entry/2 \u001b[32m200\u001b[0m 2.384 ms - 293\u001b[0m","timestamp":"2026-03-12T08:05:26.291Z"}
{"level":"info","message":"✅ Database connected successfully","timestamp":"2026-03-16T02:03:58.097Z"}
{"level":"info","message":"🚀 Server running on port 2009","timestamp":"2026-03-16T02:03:58.103Z"}
{"level":"info","message":"✅ Database connected successfully","timestamp":"2026-03-16T02:05:02.293Z"}
{"level":"info","message":"🚀 Server running on port 2009","timestamp":"2026-03-16T02:05:02.297Z"}
{"level":"info","message":"✅ Database connected successfully","timestamp":"2026-03-16T02:05:04.191Z"}
{"level":"info","message":"🚀 Server running on port 2009","timestamp":"2026-03-16T02:05:04.195Z"}
{"level":"info","message":"✅ Database connected successfully","timestamp":"2026-03-16T02:38:44.501Z"}
{"level":"info","message":"🚀 Server running on port 2009","timestamp":"2026-03-16T02:38:44.507Z"}
{"level":"info","message":"✅ Database connected successfully","timestamp":"2026-03-16T06:18:57.248Z"}
{"level":"info","message":"🚀 Server running on port 2009","timestamp":"2026-03-16T06:18:57.252Z"}
{"level":"info","message":"✅ Database connected successfully","timestamp":"2026-03-16T06:19:16.475Z"}
{"level":"info","message":"🚀 Server running on port 2009","timestamp":"2026-03-16T06:19:16.480Z"}
{"level":"info","message":"✅ Database connected successfully","timestamp":"2026-03-16T06:19:32.229Z"}
{"level":"info","message":"🚀 Server running on port 2009","timestamp":"2026-03-16T06:19:32.235Z"}
{"level":"info","message":"✅ Database connected successfully","timestamp":"2026-03-16T06:20:22.446Z"}
{"level":"info","message":"🚀 Server running on port 2009","timestamp":"2026-03-16T06:20:22.458Z"}
{"level":"info","message":"✅ Database connected successfully","timestamp":"2026-03-16T06:20:42.738Z"}
{"level":"info","message":"🚀 Server running on port 2009","timestamp":"2026-03-16T06:20:42.742Z"}
{"level":"info","message":"✅ Database connected successfully","timestamp":"2026-03-16T06:21:14.630Z"}
{"level":"info","message":"🚀 Server running on port 2009","timestamp":"2026-03-16T06:21:14.634Z"}
{"level":"info","message":"✅ Database connected successfully","timestamp":"2026-03-16T06:21:21.616Z"}
{"level":"info","message":"🚀 Server running on port 2009","timestamp":"2026-03-16T06:21:21.620Z"}
{"level":"info","message":"✅ Database connected successfully","timestamp":"2026-03-16T06:21:22.771Z"}
{"level":"info","message":"🚀 Server running on port 2009","timestamp":"2026-03-16T06:21:22.776Z"}
{"level":"info","message":"✅ Database connected successfully","timestamp":"2026-03-16T06:21:50.238Z"}
{"level":"info","message":"🚀 Server running on port 2009","timestamp":"2026-03-16T06:21:50.242Z"}
{"level":"info","message":"✅ Database connected successfully","timestamp":"2026-03-16T06:22:01.142Z"}
{"level":"info","message":"🚀 Server running on port 2009","timestamp":"2026-03-16T06:22:01.146Z"}
{"level":"info","message":"✅ Database connected successfully","timestamp":"2026-03-16T06:22:18.525Z"}
{"level":"info","message":"🚀 Server running on port 2009","timestamp":"2026-03-16T06:22:18.529Z"}
{"level":"info","message":"✅ Database connected successfully","timestamp":"2026-03-16T07:26:48.274Z"}
{"level":"info","message":"🚀 Server running on port 2009","timestamp":"2026-03-16T07:26:48.279Z"}
{"level":"info","message":"✅ Database connected successfully","timestamp":"2026-03-16T07:46:33.184Z"}
{"level":"info","message":"🚀 Server running on port 2009","timestamp":"2026-03-16T07:46:33.188Z"}
{"level":"info","message":"✅ Database connected successfully","timestamp":"2026-03-16T07:46:40.494Z"}
{"level":"info","message":"🚀 Server running on port 2009","timestamp":"2026-03-16T07:46:40.499Z"}
{"level":"info","message":"✅ Database connected successfully","timestamp":"2026-03-16T07:46:54.773Z"}
{"level":"info","message":"🚀 Server running on port 2009","timestamp":"2026-03-16T07:46:54.777Z"}
{"level":"info","message":"✅ Database connected successfully","timestamp":"2026-03-16T07:47:17.608Z"}
{"level":"info","message":"🚀 Server running on port 2009","timestamp":"2026-03-16T07:47:17.612Z"}
{"level":"info","message":"✅ Database connected successfully","timestamp":"2026-03-16T07:47:23.429Z"}
{"level":"info","message":"🚀 Server running on port 2009","timestamp":"2026-03-16T07:47:23.433Z"}
{"level":"info","message":"✅ Database connected successfully","timestamp":"2026-03-16T07:47:27.023Z"}
{"level":"info","message":"🚀 Server running on port 2009","timestamp":"2026-03-16T07:47:27.027Z"}
{"level":"info","message":"✅ Database connected successfully","timestamp":"2026-03-16T07:48:08.372Z"}
{"level":"info","message":"🚀 Server running on port 2009","timestamp":"2026-03-16T07:48:08.378Z"}
{"level":"info","message":"✅ Database connected successfully","timestamp":"2026-03-16T07:48:42.038Z"}
{"level":"info","message":"🚀 Server running on port 2009","timestamp":"2026-03-16T07:48:42.043Z"}
{"level":"info","message":"✅ Database connected successfully","timestamp":"2026-03-16T07:48:46.536Z"}
{"level":"info","message":"🚀 Server running on port 2009","timestamp":"2026-03-16T07:48:46.541Z"}
{"level":"info","message":"✅ Database connected successfully","timestamp":"2026-03-16T07:48:53.598Z"}
{"level":"info","message":"🚀 Server running on port 2009","timestamp":"2026-03-16T07:48:53.602Z"}
{"level":"info","message":"✅ Database connected successfully","timestamp":"2026-03-16T07:49:40.641Z"}
{"level":"info","message":"🚀 Server running on port 2009","timestamp":"2026-03-16T07:49:40.645Z"}
{"level":"info","message":"✅ Database connected successfully","timestamp":"2026-03-17T01:13:35.656Z"}
{"level":"info","message":"🚀 Server running on port 2009","timestamp":"2026-03-17T01:13:35.663Z"}
{"level":"info","message":"\u001b[0mPOST /api/v1/transaction-entry \u001b[32m201\u001b[0m 82.201 ms - 245\u001b[0m","timestamp":"2026-03-17T01:13:37.065Z"}
{"level":"info","message":"\u001b[0mGET /api/v1/transaction-entry \u001b[32m200\u001b[0m 19.019 ms - 801\u001b[0m","timestamp":"2026-03-17T01:14:16.612Z"}
{"level":"info","message":"\u001b[0mGET /api/v1/hu-entry/2 \u001b[32m200\u001b[0m 18.300 ms - 293\u001b[0m","timestamp":"2026-03-17T01:14:27.007Z"}
{"level":"info","message":"\u001b[0mGET /api/v1/transaction-entry/2 \u001b[33m404\u001b[0m 4.847 ms - 44\u001b[0m","timestamp":"2026-03-17T01:14:38.423Z"}
{"level":"info","message":"\u001b[0mGET /api/v1/transaction-entry/1 \u001b[33m404\u001b[0m 1.233 ms - 44\u001b[0m","timestamp":"2026-03-17T01:14:41.981Z"}
{"level":"info","message":"\u001b[0mGET /api/v1/transaction-entry/2 \u001b[33m404\u001b[0m 2.204 ms - 44\u001b[0m","timestamp":"2026-03-17T01:15:47.969Z"}
{"level":"info","message":"✅ Database connected successfully","timestamp":"2026-03-17T01:16:41.002Z"}
{"level":"info","message":"🚀 Server running on port 2009","timestamp":"2026-03-17T01:16:41.015Z"}
{"level":"info","message":"✅ Database connected successfully","timestamp":"2026-03-17T01:16:55.946Z"}
{"level":"info","message":"🚀 Server running on port 2009","timestamp":"2026-03-17T01:16:55.967Z"}
{"level":"info","message":"\u001b[0mGET /api/v1/transaction-entry/2 \u001b[32m200\u001b[0m 29.119 ms - 407\u001b[0m","timestamp":"2026-03-17T01:16:56.053Z"}
{"level":"info","message":"\u001b[0mGET /api/v1/transaction-entry \u001b[32m200\u001b[0m 6.096 ms - 801\u001b[0m","timestamp":"2026-03-17T01:17:28.679Z"}
{"level":"info","message":"\u001b[0mGET /api/v1/transaction-entry \u001b[32m200\u001b[0m 2.170 ms - 801\u001b[0m","timestamp":"2026-03-17T01:17:39.521Z"}
{"level":"info","message":"\u001b[0mGET /api/v1/paginated-transaction-entry \u001b[32m200\u001b[0m 23.595 ms - 843\u001b[0m","timestamp":"2026-03-17T01:18:13.841Z"}
{"level":"info","message":"\u001b[0mGET /api/v1/paginated-transaction-entry?page=1&limit=1 \u001b[32m200\u001b[0m 3.576 ms - 458\u001b[0m","timestamp":"2026-03-17T01:18:41.993Z"}
{"level":"info","message":"\u001b[0mGET /api/v1/paginated-transaction-entry?page=1&limit=2 \u001b[32m200\u001b[0m 3.341 ms - 842\u001b[0m","timestamp":"2026-03-17T01:18:48.135Z"}
{"level":"info","message":"\u001b[0mGET /api/v1/paginated-transaction-entry?page=1&limit=5 \u001b[32m200\u001b[0m 2.387 ms - 842\u001b[0m","timestamp":"2026-03-17T01:18:55.247Z"}
{"level":"info","message":"✅ Database connected successfully","timestamp":"2026-03-17T08:55:08.727Z"}
{"level":"info","message":"🚀 Server running on port 2009","timestamp":"2026-03-17T08:55:08.736Z"}
{"level":"info","message":"✅ Database connected successfully","timestamp":"2026-03-18T01:12:48.955Z"}
{"level":"info","message":"🚀 Server running on port 2009","timestamp":"2026-03-18T01:12:48.961Z"}
{"level":"info","message":"✅ Database connected successfully","timestamp":"2026-03-18T02:21:21.871Z"}
{"level":"info","message":"🚀 Server running on port 2009","timestamp":"2026-03-18T02:21:21.879Z"}
{"level":"info","message":"✅ Database connected successfully","timestamp":"2026-03-18T02:41:39.673Z"}
{"level":"info","message":"🚀 Server running on port 2009","timestamp":"2026-03-18T02:41:39.677Z"}
{"level":"info","message":"\u001b[0mGET /api/v2/transaction-entry \u001b[33m404\u001b[0m 2.113 ms - 163\u001b[0m","timestamp":"2026-03-18T05:06:45.464Z"}
{"level":"info","message":"\u001b[0mGET /api/v2/transaction-entry \u001b[33m404\u001b[0m 0.670 ms - 163\u001b[0m","timestamp":"2026-03-18T05:06:45.468Z"}
{"level":"info","message":"\u001b[0mGET /api/v1/transaction-entry \u001b[32m200\u001b[0m 12.318 ms - 801\u001b[0m","timestamp":"2026-03-18T05:06:48.297Z"}
{"level":"info","message":"\u001b[0mGET /api/v1/transaction-entry \u001b[36m304\u001b[0m 1.433 ms - -\u001b[0m","timestamp":"2026-03-18T05:06:48.300Z"}
{"level":"info","message":"\u001b[0mGET /api/v1/transaction-entry \u001b[36m304\u001b[0m 2.023 ms - -\u001b[0m","timestamp":"2026-03-18T05:06:58.309Z"}
{"level":"info","message":"\u001b[0mGET /api/v1/transaction-entry \u001b[36m304\u001b[0m 1.152 ms - -\u001b[0m","timestamp":"2026-03-18T05:06:58.312Z"}
{"level":"info","message":"\u001b[0mGET /api/v1/transaction-entry \u001b[36m304\u001b[0m 1.338 ms - -\u001b[0m","timestamp":"2026-03-18T05:07:12.784Z"}
{"level":"info","message":"\u001b[0mGET /api/v1/transaction-entry \u001b[36m304\u001b[0m 1.754 ms - -\u001b[0m","timestamp":"2026-03-18T05:07:12.788Z"}
{"level":"info","message":"\u001b[0mGET /api/v1/transaction-entry \u001b[36m304\u001b[0m 1.528 ms - -\u001b[0m","timestamp":"2026-03-18T05:07:14.754Z"}
{"level":"info","message":"\u001b[0mGET /api/v1/transaction-entry \u001b[36m304\u001b[0m 1.531 ms - -\u001b[0m","timestamp":"2026-03-18T05:07:14.757Z"}
{"level":"info","message":"\u001b[0mGET /api/v1/transaction-entry \u001b[36m304\u001b[0m 3.316 ms - -\u001b[0m","timestamp":"2026-03-18T05:08:08.892Z"}
{"level":"info","message":"\u001b[0mGET /api/v1/transaction-entry \u001b[36m304\u001b[0m 2.798 ms - -\u001b[0m","timestamp":"2026-03-18T05:08:08.898Z"}
{"level":"info","message":"\u001b[0mGET /api/v1/transaction-entry \u001b[36m304\u001b[0m 1.985 ms - -\u001b[0m","timestamp":"2026-03-18T05:08:09.872Z"}
{"level":"info","message":"\u001b[0mGET /api/v1/transaction-entry \u001b[36m304\u001b[0m 1.400 ms - -\u001b[0m","timestamp":"2026-03-18T05:08:09.876Z"}
{"level":"info","message":"\u001b[0mGET /api/v1/transaction-entry \u001b[36m304\u001b[0m 1.381 ms - -\u001b[0m","timestamp":"2026-03-18T05:08:12.746Z"}
{"level":"info","message":"\u001b[0mGET /api/v1/transaction-entry \u001b[36m304\u001b[0m 1.813 ms - -\u001b[0m","timestamp":"2026-03-18T05:08:12.750Z"}
{"level":"info","message":"\u001b[0mGET /api/v1/transaction-entry \u001b[36m304\u001b[0m 0.920 ms - -\u001b[0m","timestamp":"2026-03-18T05:08:15.373Z"}
{"level":"info","message":"\u001b[0mGET /api/v1/transaction-entry \u001b[36m304\u001b[0m 1.437 ms - -\u001b[0m","timestamp":"2026-03-18T05:08:15.376Z"}
{"level":"info","message":"\u001b[0mGET /api/v1/transaction-entry \u001b[36m304\u001b[0m 1.192 ms - -\u001b[0m","timestamp":"2026-03-18T05:09:02.882Z"}
{"level":"info","message":"\u001b[0mGET /api/v1/transaction-entry \u001b[36m304\u001b[0m 1.212 ms - -\u001b[0m","timestamp":"2026-03-18T05:09:02.884Z"}
{"level":"info","message":"\u001b[0mGET /api/v1/transaction-entry \u001b[36m304\u001b[0m 1.108 ms - -\u001b[0m","timestamp":"2026-03-18T05:09:12.618Z"}
{"level":"info","message":"\u001b[0mGET /api/v1/transaction-entry \u001b[36m304\u001b[0m 1.195 ms - -\u001b[0m","timestamp":"2026-03-18T05:09:12.621Z"}
{"level":"info","message":"\u001b[0mGET /api/v1/transaction-entry \u001b[36m304\u001b[0m 1.602 ms - -\u001b[0m","timestamp":"2026-03-18T05:09:19.879Z"}
{"level":"info","message":"\u001b[0mGET /api/v1/transaction-entry \u001b[36m304\u001b[0m 1.440 ms - -\u001b[0m","timestamp":"2026-03-18T05:09:19.883Z"}
{"level":"info","message":"\u001b[0mGET /api/v1/transaction-entry \u001b[32m200\u001b[0m 1.457 ms - 801\u001b[0m","timestamp":"2026-03-18T05:09:21.776Z"}
{"level":"info","message":"\u001b[0mGET /api/v1/transaction-entry \u001b[36m304\u001b[0m 1.667 ms - -\u001b[0m","timestamp":"2026-03-18T05:09:36.883Z"}
{"level":"info","message":"\u001b[0mGET /api/v1/transaction-entry \u001b[36m304\u001b[0m 2.312 ms - -\u001b[0m","timestamp":"2026-03-18T05:09:36.888Z"}
{"level":"info","message":"\u001b[0mGET /api/v1/transaction-entry \u001b[36m304\u001b[0m 0.985 ms - -\u001b[0m","timestamp":"2026-03-18T05:09:45.201Z"}
{"level":"info","message":"\u001b[0mGET /api/v1/transaction-entry \u001b[36m304\u001b[0m 1.137 ms - -\u001b[0m","timestamp":"2026-03-18T05:09:45.204Z"}
{"level":"info","message":"\u001b[0mGET /api/v1/transaction-entry \u001b[36m304\u001b[0m 1.145 ms - -\u001b[0m","timestamp":"2026-03-18T05:11:06.669Z"}
{"level":"info","message":"\u001b[0mGET /api/v1/transaction-entry \u001b[36m304\u001b[0m 1.989 ms - -\u001b[0m","timestamp":"2026-03-18T05:11:06.674Z"}
{"level":"info","message":"\u001b[0mGET /api/v1/transaction-entry \u001b[36m304\u001b[0m 1.585 ms - -\u001b[0m","timestamp":"2026-03-18T05:11:10.440Z"}
{"level":"info","message":"\u001b[0mGET /api/v1/transaction-entry \u001b[36m304\u001b[0m 1.387 ms - -\u001b[0m","timestamp":"2026-03-18T05:11:10.447Z"}
{"level":"info","message":"\u001b[0mGET /api/v1/transaction-entry \u001b[36m304\u001b[0m 1.654 ms - -\u001b[0m","timestamp":"2026-03-18T05:11:38.897Z"}
{"level":"info","message":"\u001b[0mGET /api/v1/transaction-entry \u001b[36m304\u001b[0m 1.775 ms - -\u001b[0m","timestamp":"2026-03-18T05:11:38.901Z"}
{"level":"info","message":"\u001b[0mGET /api/v1/transaction-entry \u001b[36m304\u001b[0m 1.161 ms - -\u001b[0m","timestamp":"2026-03-18T05:11:43.881Z"}
{"level":"info","message":"\u001b[0mGET /api/v1/transaction-entry \u001b[36m304\u001b[0m 1.143 ms - -\u001b[0m","timestamp":"2026-03-18T05:11:43.883Z"}
{"level":"info","message":"\u001b[0mGET /api/v1/transaction-entry \u001b[36m304\u001b[0m 1.428 ms - -\u001b[0m","timestamp":"2026-03-18T05:11:43.892Z"}
{"level":"info","message":"\u001b[0mGET /api/v1/transaction-entry \u001b[36m304\u001b[0m 0.983 ms - -\u001b[0m","timestamp":"2026-03-18T05:11:46.143Z"}
{"level":"info","message":"\u001b[0mGET /api/v1/transaction-entry \u001b[36m304\u001b[0m 1.104 ms - -\u001b[0m","timestamp":"2026-03-18T05:11:46.146Z"}
{"level":"info","message":"\u001b[0mGET /api/v1/transaction-entry \u001b[36m304\u001b[0m 1.535 ms - -\u001b[0m","timestamp":"2026-03-18T05:11:46.153Z"}
{"level":"info","message":"\u001b[0mGET /api/v1/transaction-entry \u001b[36m304\u001b[0m 1.031 ms - -\u001b[0m","timestamp":"2026-03-18T05:12:51.920Z"}
{"level":"info","message":"\u001b[0mGET /api/v1/transaction-entry \u001b[36m304\u001b[0m 1.080 ms - -\u001b[0m","timestamp":"2026-03-18T05:12:51.922Z"}
{"level":"info","message":"\u001b[0mGET /api/v1/transaction-entry \u001b[36m304\u001b[0m 1.190 ms - -\u001b[0m","timestamp":"2026-03-18T05:12:51.943Z"}
{"level":"info","message":"\u001b[0mGET /api/v1/transaction-entry \u001b[36m304\u001b[0m 2.067 ms - -\u001b[0m","timestamp":"2026-03-18T05:12:57.234Z"}
{"level":"info","message":"\u001b[0mGET /api/v1/transaction-entry \u001b[36m304\u001b[0m 1.084 ms - -\u001b[0m","timestamp":"2026-03-18T05:12:57.237Z"}
{"level":"info","message":"\u001b[0mGET /api/v1/transaction-entry \u001b[36m304\u001b[0m 1.098 ms - -\u001b[0m","timestamp":"2026-03-18T05:12:57.244Z"}
{"level":"info","message":"\u001b[0mGET /api/v1/transaction-entry \u001b[36m304\u001b[0m 1.532 ms - -\u001b[0m","timestamp":"2026-03-18T05:13:38.936Z"}
{"level":"info","message":"\u001b[0mGET /api/v1/transaction-entry \u001b[36m304\u001b[0m 1.471 ms - -\u001b[0m","timestamp":"2026-03-18T05:13:38.941Z"}
{"level":"info","message":"\u001b[0mGET /api/v1/transaction-entry \u001b[36m304\u001b[0m 1.241 ms - -\u001b[0m","timestamp":"2026-03-18T05:13:42.569Z"}
{"level":"info","message":"\u001b[0mGET /api/v1/transaction-entry \u001b[36m304\u001b[0m 2.078 ms - -\u001b[0m","timestamp":"2026-03-18T05:13:42.574Z"}
{"level":"info","message":"\u001b[0mGET /api/v1/transaction-entry \u001b[36m304\u001b[0m 2.494 ms - -\u001b[0m","timestamp":"2026-03-18T05:14:02.512Z"}
{"level":"info","message":"\u001b[0mGET /api/v1/transaction-entry \u001b[36m304\u001b[0m 2.735 ms - -\u001b[0m","timestamp":"2026-03-18T05:14:02.518Z"}
{"level":"info","message":"\u001b[0mGET /api/v1/transaction-entry \u001b[36m304\u001b[0m 2.464 ms - -\u001b[0m","timestamp":"2026-03-18T05:14:08.672Z"}
{"level":"info","message":"\u001b[0mGET /api/v1/transaction-entry \u001b[36m304\u001b[0m 1.916 ms - -\u001b[0m","timestamp":"2026-03-18T05:14:08.675Z"}
{"level":"info","message":"\u001b[0mGET /api/v1/transaction-entry \u001b[36m304\u001b[0m 2.324 ms - -\u001b[0m","timestamp":"2026-03-18T05:14:22.460Z"}
{"level":"info","message":"\u001b[0mGET /api/v1/transaction-entry \u001b[36m304\u001b[0m 2.795 ms - -\u001b[0m","timestamp":"2026-03-18T05:14:22.467Z"}
{"level":"info","message":"\u001b[0mGET /api/v1/transaction-entry \u001b[36m304\u001b[0m 2.025 ms - -\u001b[0m","timestamp":"2026-03-18T05:14:59.862Z"}
{"level":"info","message":"\u001b[0mGET /api/v1/transaction-entry \u001b[36m304\u001b[0m 1.466 ms - -\u001b[0m","timestamp":"2026-03-18T05:14:59.866Z"}
{"level":"info","message":"\u001b[0mGET /api/v1/transaction-entry \u001b[36m304\u001b[0m 1.205 ms - -\u001b[0m","timestamp":"2026-03-18T05:15:37.275Z"}
{"level":"info","message":"\u001b[0mGET /api/v1/transaction-entry \u001b[36m304\u001b[0m 2.507 ms - -\u001b[0m","timestamp":"2026-03-18T05:15:37.280Z"}
{"level":"info","message":"\u001b[0mGET /api/v1/transaction-entry \u001b[36m304\u001b[0m 1.498 ms - -\u001b[0m","timestamp":"2026-03-18T05:15:40.235Z"}
{"level":"info","message":"\u001b[0mGET /api/v1/transaction-entry \u001b[36m304\u001b[0m 1.677 ms - -\u001b[0m","timestamp":"2026-03-18T05:15:40.239Z"}
{"level":"info","message":"\u001b[0mGET /api/v1/transaction-entry \u001b[36m304\u001b[0m 1.051 ms - -\u001b[0m","timestamp":"2026-03-18T05:15:54.885Z"}
{"level":"info","message":"\u001b[0mGET /api/v1/transaction-entry \u001b[36m304\u001b[0m 1.324 ms - -\u001b[0m","timestamp":"2026-03-18T05:15:54.889Z"}
{"level":"info","message":"\u001b[0mGET /api/v1/transaction-entry \u001b[36m304\u001b[0m 1.423 ms - -\u001b[0m","timestamp":"2026-03-18T05:16:13.812Z"}
{"level":"info","message":"\u001b[0mGET /api/v1/transaction-entry \u001b[36m304\u001b[0m 1.904 ms - -\u001b[0m","timestamp":"2026-03-18T05:16:13.817Z"}
{"level":"info","message":"\u001b[0mGET /api/v1/transaction-entry \u001b[36m304\u001b[0m 1.787 ms - -\u001b[0m","timestamp":"2026-03-18T05:16:15.078Z"}
{"level":"info","message":"\u001b[0mGET /api/v1/transaction-entry \u001b[36m304\u001b[0m 1.705 ms - -\u001b[0m","timestamp":"2026-03-18T05:16:15.082Z"}
{"level":"info","message":"\u001b[0mGET /api/v1/transaction-entry \u001b[36m304\u001b[0m 3.204 ms - -\u001b[0m","timestamp":"2026-03-18T05:43:29.690Z"}
{"level":"info","message":"\u001b[0mGET /api/v1/transaction-entry \u001b[36m304\u001b[0m 1.601 ms - -\u001b[0m","timestamp":"2026-03-18T05:43:29.694Z"}
{"level":"info","message":"\u001b[0mGET /api/v1/transaction-entry \u001b[36m304\u001b[0m 4.353 ms - -\u001b[0m","timestamp":"2026-03-18T05:48:47.538Z"}
{"level":"info","message":"\u001b[0mGET /api/v1/transaction-entry \u001b[36m304\u001b[0m 2.560 ms - -\u001b[0m","timestamp":"2026-03-18T05:48:47.545Z"}
{"level":"info","message":"\u001b[0mGET /api/v1/transaction-entry \u001b[36m304\u001b[0m 1.755 ms - -\u001b[0m","timestamp":"2026-03-18T05:49:55.910Z"}
{"level":"info","message":"\u001b[0mGET /api/v1/transaction-entry \u001b[36m304\u001b[0m 1.830 ms - -\u001b[0m","timestamp":"2026-03-18T05:49:55.914Z"}
{"level":"info","message":"\u001b[0mGET /api/v1/transaction-entry \u001b[36m304\u001b[0m 5.762 ms - -\u001b[0m","timestamp":"2026-03-18T06:30:40.129Z"}
{"level":"info","message":"\u001b[0mGET /api/v1/transaction-entry \u001b[36m304\u001b[0m 1.353 ms - -\u001b[0m","timestamp":"2026-03-18T06:30:40.133Z"}
{"level":"info","message":"\u001b[0mGET /api/v1/transaction-entry \u001b[36m304\u001b[0m 2.067 ms - -\u001b[0m","timestamp":"2026-03-18T06:30:42.564Z"}
{"level":"info","message":"\u001b[0mGET /api/v1/transaction-entry \u001b[36m304\u001b[0m 1.649 ms - -\u001b[0m","timestamp":"2026-03-18T06:30:42.568Z"}
{"level":"info","message":"✅ Database connected successfully","timestamp":"2026-03-18T06:31:30.801Z"}
{"level":"info","message":"🚀 Server running on port 2009","timestamp":"2026-03-18T06:31:30.807Z"}
{"level":"info","message":"✅ Database connected successfully","timestamp":"2026-03-18T06:32:19.401Z"}
{"level":"info","message":"🚀 Server running on port 2009","timestamp":"2026-03-18T06:32:19.406Z"}
{"level":"info","message":"\u001b[0mGET /api/v1/transaction-entry \u001b[36m304\u001b[0m 21.889 ms - -\u001b[0m","timestamp":"2026-03-18T06:32:22.668Z"}
{"level":"info","message":"\u001b[0mGET /api/v1/transaction-entry \u001b[36m304\u001b[0m 2.099 ms - -\u001b[0m","timestamp":"2026-03-18T06:32:22.673Z"}
{"level":"info","message":"✅ Database connected successfully","timestamp":"2026-03-18T06:33:53.860Z"}
{"level":"info","message":"🚀 Server running on port 2009","timestamp":"2026-03-18T06:33:53.866Z"}
{"level":"info","message":"\u001b[0mGET /api/v1/transaction-entry \u001b[36m304\u001b[0m 11.730 ms - -\u001b[0m","timestamp":"2026-03-18T06:34:43.307Z"}
{"level":"info","message":"\u001b[0mGET /api/v1/transaction-entry \u001b[36m304\u001b[0m 1.832 ms - -\u001b[0m","timestamp":"2026-03-18T06:34:43.311Z"}
{"level":"info","message":"\u001b[0mGET /api/v1/transaction-entry \u001b[36m304\u001b[0m 3.005 ms - -\u001b[0m","timestamp":"2026-03-18T06:34:45.129Z"}
{"level":"info","message":"\u001b[0mGET /api/v1/transaction-entry \u001b[36m304\u001b[0m 2.126 ms - -\u001b[0m","timestamp":"2026-03-18T06:34:45.134Z"}
{"level":"info","message":"\u001b[0mGET /api/v1/transaction-entry \u001b[36m304\u001b[0m 1.542 ms - -\u001b[0m","timestamp":"2026-03-18T06:34:47.940Z"}
{"level":"info","message":"\u001b[0mGET /api/v1/transaction-entry \u001b[36m304\u001b[0m 1.862 ms - -\u001b[0m","timestamp":"2026-03-18T06:34:47.944Z"}
{"level":"info","message":"\u001b[0mGET /api/v1/transaction-entry \u001b[36m304\u001b[0m 2.181 ms - -\u001b[0m","timestamp":"2026-03-18T06:40:10.308Z"}
{"level":"info","message":"\u001b[0mGET /api/v1/transaction-entry \u001b[36m304\u001b[0m 1.361 ms - -\u001b[0m","timestamp":"2026-03-18T06:40:10.312Z"}
{"level":"info","message":"\u001b[0mGET /api/v1/transaction-entry \u001b[36m304\u001b[0m 3.607 ms - -\u001b[0m","timestamp":"2026-03-18T06:40:24.312Z"}
{"level":"info","message":"\u001b[0mGET /api/v1/transaction-entry \u001b[36m304\u001b[0m 1.767 ms - -\u001b[0m","timestamp":"2026-03-18T06:40:24.317Z"}
{"level":"info","message":"\u001b[0mGET /api/v1/transaction-entry \u001b[36m304\u001b[0m 3.760 ms - -\u001b[0m","timestamp":"2026-03-18T06:45:17.893Z"}
{"level":"info","message":"\u001b[0mGET /api/v1/transaction-entry \u001b[36m304\u001b[0m 2.625 ms - -\u001b[0m","timestamp":"2026-03-18T06:45:17.901Z"}
{"level":"info","message":"\u001b[0mGET /api/v1/transaction-entry \u001b[36m304\u001b[0m 2.759 ms - -\u001b[0m","timestamp":"2026-03-18T06:45:30.344Z"}
{"level":"info","message":"\u001b[0mGET /api/v1/transaction-entry \u001b[36m304\u001b[0m 4.304 ms - -\u001b[0m","timestamp":"2026-03-18T06:45:30.352Z"}
{"level":"info","message":"\u001b[0mGET /api/v1/transaction-entry \u001b[36m304\u001b[0m 2.100 ms - -\u001b[0m","timestamp":"2026-03-18T06:45:47.543Z"}
{"level":"info","message":"\u001b[0mGET /api/v1/transaction-entry \u001b[36m304\u001b[0m 1.587 ms - -\u001b[0m","timestamp":"2026-03-18T06:45:47.547Z"}
{"level":"info","message":"\u001b[0mGET /api/v1/transaction-entry \u001b[36m304\u001b[0m 3.008 ms - -\u001b[0m","timestamp":"2026-03-18T06:47:15.153Z"}
{"level":"info","message":"\u001b[0mGET /api/v1/transaction-entry \u001b[36m304\u001b[0m 3.274 ms - -\u001b[0m","timestamp":"2026-03-18T06:47:15.161Z"}
{"level":"info","message":"\u001b[0mGET /api/v1/transaction-entry \u001b[36m304\u001b[0m 2.497 ms - -\u001b[0m","timestamp":"2026-03-18T06:48:06.374Z"}
{"level":"info","message":"\u001b[0mGET /api/v1/transaction-entry \u001b[36m304\u001b[0m 2.719 ms - -\u001b[0m","timestamp":"2026-03-18T06:48:06.380Z"}
{"level":"info","message":"\u001b[0mGET /api/v1/transaction-entry \u001b[36m304\u001b[0m 1.131 ms - -\u001b[0m","timestamp":"2026-03-18T06:48:29.518Z"}
{"level":"info","message":"\u001b[0mGET /api/v1/transaction-entry \u001b[36m304\u001b[0m 1.602 ms - -\u001b[0m","timestamp":"2026-03-18T06:48:29.522Z"}
{"level":"info","message":"\u001b[0mGET /api/v1/transaction-entry \u001b[36m304\u001b[0m 1.376 ms - -\u001b[0m","timestamp":"2026-03-18T06:48:49.103Z"}
{"level":"info","message":"\u001b[0mGET /api/v1/transaction-entry \u001b[36m304\u001b[0m 1.944 ms - -\u001b[0m","timestamp":"2026-03-18T06:48:49.108Z"}
{"level":"info","message":"\u001b[0mGET /api/v1/transaction-entry \u001b[36m304\u001b[0m 1.383 ms - -\u001b[0m","timestamp":"2026-03-18T06:49:00.269Z"}
{"level":"info","message":"\u001b[0mGET /api/v1/transaction-entry \u001b[36m304\u001b[0m 1.975 ms - -\u001b[0m","timestamp":"2026-03-18T06:49:00.273Z"}
{"level":"info","message":"\u001b[0mGET /api/v1/transaction-entry \u001b[36m304\u001b[0m 2.093 ms - -\u001b[0m","timestamp":"2026-03-18T06:49:38.846Z"}
{"level":"info","message":"\u001b[0mGET /api/v1/transaction-entry \u001b[36m304\u001b[0m 2.116 ms - -\u001b[0m","timestamp":"2026-03-18T06:49:38.852Z"}
{"level":"info","message":"\u001b[0mGET /api/v1/transaction-entry \u001b[36m304\u001b[0m 2.567 ms - -\u001b[0m","timestamp":"2026-03-18T06:50:13.916Z"}
{"level":"info","message":"\u001b[0mGET /api/v1/transaction-entry \u001b[36m304\u001b[0m 3.652 ms - -\u001b[0m","timestamp":"2026-03-18T06:50:13.924Z"}
{"level":"info","message":"\u001b[0mGET /api/v1/transaction-entry \u001b[36m304\u001b[0m 3.020 ms - -\u001b[0m","timestamp":"2026-03-18T06:52:24.974Z"}
{"level":"info","message":"\u001b[0mGET /api/v1/transaction-entry \u001b[36m304\u001b[0m 4.094 ms - -\u001b[0m","timestamp":"2026-03-18T06:52:24.983Z"}
{"level":"info","message":"\u001b[0mGET /api/v1/transaction-entry \u001b[36m304\u001b[0m 3.186 ms - -\u001b[0m","timestamp":"2026-03-18T06:53:08.516Z"}
{"level":"info","message":"\u001b[0mGET /api/v1/transaction-entry \u001b[36m304\u001b[0m 2.448 ms - -\u001b[0m","timestamp":"2026-03-18T06:53:08.523Z"}
{"level":"info","message":"\u001b[0mGET /api/v1/transaction-entry \u001b[36m304\u001b[0m 1.693 ms - -\u001b[0m","timestamp":"2026-03-18T07:39:19.965Z"}
{"level":"info","message":"\u001b[0mGET /api/v1/transaction-entry \u001b[36m304\u001b[0m 2.156 ms - -\u001b[0m","timestamp":"2026-03-18T07:39:19.969Z"}
{"level":"info","message":"\u001b[0mGET /api/v1/transaction-entry \u001b[36m304\u001b[0m 1.199 ms - -\u001b[0m","timestamp":"2026-03-18T07:39:39.001Z"}
{"level":"info","message":"\u001b[0mGET /api/v1/transaction-entry \u001b[36m304\u001b[0m 1.223 ms - -\u001b[0m","timestamp":"2026-03-18T07:39:39.004Z"}
{"level":"info","message":"\u001b[0mGET /api/v1/transaction-entry \u001b[36m304\u001b[0m 2.146 ms - -\u001b[0m","timestamp":"2026-03-18T07:39:40.137Z"}
{"level":"info","message":"\u001b[0mGET /api/v1/transaction-entry \u001b[36m304\u001b[0m 2.803 ms - -\u001b[0m","timestamp":"2026-03-18T07:39:40.144Z"}
{"level":"info","message":"\u001b[0mGET /api/v1/transaction-entry \u001b[36m304\u001b[0m 0.958 ms - -\u001b[0m","timestamp":"2026-03-18T07:39:44.528Z"}
{"level":"info","message":"\u001b[0mGET /api/v1/transaction-entry \u001b[36m304\u001b[0m 1.193 ms - -\u001b[0m","timestamp":"2026-03-18T07:39:44.531Z"}
{"level":"info","message":"\u001b[0mGET /api/v1/transaction-entry \u001b[36m304\u001b[0m 1.607 ms - -\u001b[0m","timestamp":"2026-03-18T07:39:49.755Z"}
{"level":"info","message":"\u001b[0mGET /api/v1/transaction-entry \u001b[36m304\u001b[0m 1.736 ms - -\u001b[0m","timestamp":"2026-03-18T07:39:49.759Z"}
{"level":"info","message":"\u001b[0mGET /api/v1/transaction-entry \u001b[36m304\u001b[0m 1.623 ms - -\u001b[0m","timestamp":"2026-03-18T07:39:53.742Z"}
{"level":"info","message":"\u001b[0mGET /api/v1/transaction-entry \u001b[36m304\u001b[0m 1.244 ms - -\u001b[0m","timestamp":"2026-03-18T07:39:53.745Z"}
{"level":"info","message":"\u001b[0mGET /api/v1/transaction-entry \u001b[36m304\u001b[0m 1.894 ms - -\u001b[0m","timestamp":"2026-03-18T07:39:55.921Z"}
{"level":"info","message":"\u001b[0mGET /api/v1/transaction-entry \u001b[36m304\u001b[0m 1.313 ms - -\u001b[0m","timestamp":"2026-03-18T07:39:55.924Z"}
{"level":"info","message":"\u001b[0mGET /api/v1/transaction-entry \u001b[36m304\u001b[0m 1.902 ms - -\u001b[0m","timestamp":"2026-03-18T07:39:56.879Z"}
{"level":"info","message":"\u001b[0mGET /api/v1/transaction-entry \u001b[36m304\u001b[0m 2.061 ms - -\u001b[0m","timestamp":"2026-03-18T07:39:56.884Z"}
{"level":"info","message":"\u001b[0mGET /api/v1/transaction-entry \u001b[36m304\u001b[0m 1.468 ms - -\u001b[0m","timestamp":"2026-03-18T07:40:01.575Z"}
{"level":"info","message":"\u001b[0mGET /api/v1/transaction-entry \u001b[36m304\u001b[0m 1.349 ms - -\u001b[0m","timestamp":"2026-03-18T07:40:01.578Z"}
{"level":"info","message":"✅ Database connected successfully","timestamp":"2026-03-18T07:40:54.611Z"}
{"level":"info","message":"🚀 Server running on port 2009","timestamp":"2026-03-18T07:40:54.615Z"}
{"level":"info","message":"✅ Database connected successfully","timestamp":"2026-03-18T23:45:33.945Z"}
{"level":"info","message":"🚀 Server running on port 2009","timestamp":"2026-03-18T23:45:33.955Z"}
{"level":"info","message":"\u001b[0mGET /api/v1/transaction-entry \u001b[36m304\u001b[0m 57.002 ms - -\u001b[0m","timestamp":"2026-03-18T23:45:44.341Z"}
{"level":"info","message":"\u001b[0mGET /api/v1/transaction-entry \u001b[36m304\u001b[0m 1.353 ms - -\u001b[0m","timestamp":"2026-03-18T23:45:44.345Z"}
{"level":"info","message":"\u001b[0mGET /api/v1/transaction-entry \u001b[36m304\u001b[0m 2.661 ms - -\u001b[0m","timestamp":"2026-03-18T23:45:47.657Z"}
{"level":"info","message":"\u001b[0mGET /api/v1/transaction-entry \u001b[36m304\u001b[0m 1.635 ms - -\u001b[0m","timestamp":"2026-03-18T23:45:47.662Z"}
{"level":"info","message":"\u001b[0mGET /api/v1/transaction-entry \u001b[36m304\u001b[0m 2.774 ms - -\u001b[0m","timestamp":"2026-03-18T23:59:36.682Z"}
{"level":"info","message":"\u001b[0mGET /api/v1/transaction-entry \u001b[36m304\u001b[0m 1.661 ms - -\u001b[0m","timestamp":"2026-03-18T23:59:36.685Z"}
{"level":"info","message":"\u001b[0mGET /api/v1/transaction-entry \u001b[36m304\u001b[0m 6.590 ms - -\u001b[0m","timestamp":"2026-03-19T00:54:06.981Z"}
{"level":"info","message":"\u001b[0mGET /api/v1/transaction-entry \u001b[36m304\u001b[0m 1.909 ms - -\u001b[0m","timestamp":"2026-03-19T00:54:06.987Z"}
{"level":"info","message":"\u001b[0mGET /api/v1/transaction-entry \u001b[36m304\u001b[0m 3.093 ms - -\u001b[0m","timestamp":"2026-03-19T00:54:08.482Z"}
{"level":"info","message":"\u001b[0mGET /api/v1/transaction-entry \u001b[36m304\u001b[0m 1.924 ms - -\u001b[0m","timestamp":"2026-03-19T00:54:08.487Z"}
{"level":"info","message":"✅ Database connected successfully","timestamp":"2026-03-19T00:55:05.130Z"}
{"level":"info","message":"🚀 Server running on port 2009","timestamp":"2026-03-19T00:55:05.134Z"}
{"level":"info","message":"\u001b[0mGET /api/v1/hu-entry/2 \u001b[32m200\u001b[0m 16.986 ms - 293\u001b[0m","timestamp":"2026-03-19T00:55:30.623Z"}
{"level":"info","message":"\u001b[0mGET /api/v1/hu-entry/2 \u001b[32m200\u001b[0m 3.117 ms - 293\u001b[0m","timestamp":"2026-03-19T00:59:07.140Z"}
{"level":"info","message":"\u001b[0mGET /api/v1/transaction-entry \u001b[36m304\u001b[0m 2.953 ms - -\u001b[0m","timestamp":"2026-03-19T01:07:24.771Z"}
{"level":"info","message":"\u001b[0mGET /api/v1/transaction-entry \u001b[36m304\u001b[0m 1.468 ms - -\u001b[0m","timestamp":"2026-03-19T01:07:24.774Z"}
{"level":"info","message":"\u001b[0mGET /api/v1/transaction-entry \u001b[36m304\u001b[0m 2.483 ms - -\u001b[0m","timestamp":"2026-03-19T01:12:42.931Z"}
{"level":"info","message":"\u001b[0mGET /api/v1/transaction-entry \u001b[36m304\u001b[0m 1.548 ms - -\u001b[0m","timestamp":"2026-03-19T01:12:42.935Z"}
{"level":"info","message":"\u001b[0mGET /api/v1/transaction-entry \u001b[36m304\u001b[0m 2.767 ms - -\u001b[0m","timestamp":"2026-03-19T01:23:05.349Z"}
{"level":"info","message":"\u001b[0mGET /api/v1/transaction-entry \u001b[36m304\u001b[0m 1.159 ms - -\u001b[0m","timestamp":"2026-03-19T01:23:05.352Z"}
{"level":"info","message":"\u001b[0mGET /api/v1/transaction-entry \u001b[36m304\u001b[0m 4.321 ms - -\u001b[0m","timestamp":"2026-03-19T01:43:09.967Z"}
{"level":"info","message":"\u001b[0mGET /api/v1/transaction-entry \u001b[36m304\u001b[0m 1.524 ms - -\u001b[0m","timestamp":"2026-03-19T01:43:09.971Z"}
{"level":"info","message":"\u001b[0mGET /api/v1/transaction-entry \u001b[36m304\u001b[0m 1.261 ms - -\u001b[0m","timestamp":"2026-03-19T01:50:52.712Z"}
{"level":"info","message":"\u001b[0mGET /api/v1/transaction-entry \u001b[36m304\u001b[0m 1.135 ms - -\u001b[0m","timestamp":"2026-03-19T01:50:52.715Z"}
{"level":"info","message":"\u001b[0mGET /api/v1/transaction-entry \u001b[36m304\u001b[0m 1.870 ms - -\u001b[0m","timestamp":"2026-03-19T01:50:54.627Z"}
{"level":"info","message":"\u001b[0mGET /api/v1/transaction-entry \u001b[36m304\u001b[0m 1.138 ms - -\u001b[0m","timestamp":"2026-03-19T01:50:54.631Z"}
{"level":"info","message":"\u001b[0mGET /api/v1/hu-entry/2 \u001b[32m200\u001b[0m 2.647 ms - 293\u001b[0m","timestamp":"2026-03-19T02:21:43.439Z"}
{"level":"info","message":"\u001b[0mGET /api/v1/transaction-entry \u001b[32m200\u001b[0m 1.402 ms - 801\u001b[0m","timestamp":"2026-03-19T02:21:56.051Z"}
{"level":"info","message":"✅ Database connected successfully","timestamp":"2026-03-19T02:29:48.251Z"}
{"level":"info","message":"🚀 Server running on port 2009","timestamp":"2026-03-19T02:29:48.256Z"}
{"level":"info","message":"✅ Database connected successfully","timestamp":"2026-03-19T02:29:51.670Z"}
{"level":"info","message":"🚀 Server running on port 2009","timestamp":"2026-03-19T02:29:51.674Z"}
{"level":"info","message":"✅ Database connected successfully","timestamp":"2026-03-19T02:30:00.060Z"}
{"level":"info","message":"🚀 Server running on port 2009","timestamp":"2026-03-19T02:30:00.065Z"}
{"level":"info","message":"✅ Database connected successfully","timestamp":"2026-03-19T02:30:02.773Z"}
{"level":"info","message":"🚀 Server running on port 2009","timestamp":"2026-03-19T02:30:02.777Z"}
{"level":"info","message":"✅ Database connected successfully","timestamp":"2026-03-19T02:32:04.279Z"}
{"level":"info","message":"🚀 Server running on port 2009","timestamp":"2026-03-19T02:32:04.283Z"}
{"level":"info","message":"\u001b[0mGET /api/v1/transaction-entry \u001b[36m304\u001b[0m 11.454 ms - -\u001b[0m","timestamp":"2026-03-19T03:06:02.881Z"}
{"level":"info","message":"\u001b[0mGET /api/v1/transaction-entry \u001b[36m304\u001b[0m 1.635 ms - -\u001b[0m","timestamp":"2026-03-19T03:06:02.886Z"}
{"level":"info","message":"\u001b[0mGET /api/v1/transaction-entry \u001b[36m304\u001b[0m 5.373 ms - -\u001b[0m","timestamp":"2026-03-19T03:08:04.016Z"}
{"level":"info","message":"\u001b[0mGET /api/v1/transaction-entry \u001b[36m304\u001b[0m 2.376 ms - -\u001b[0m","timestamp":"2026-03-19T03:08:04.023Z"}
{"level":"info","message":"\u001b[0mGET /api/v1/transaction-entry \u001b[36m304\u001b[0m 3.693 ms - -\u001b[0m","timestamp":"2026-03-19T04:53:21.061Z"}
{"level":"info","message":"\u001b[0mGET /api/v1/transaction-entry \u001b[36m304\u001b[0m 1.724 ms - -\u001b[0m","timestamp":"2026-03-19T04:53:21.064Z"}
{"level":"info","message":"\u001b[0mGET /api/v1/transaction-entry \u001b[36m304\u001b[0m 1.337 ms - -\u001b[0m","timestamp":"2026-03-19T04:53:28.269Z"}
{"level":"info","message":"\u001b[0mGET /api/v1/transaction-entry \u001b[36m304\u001b[0m 1.631 ms - -\u001b[0m","timestamp":"2026-03-19T04:53:28.273Z"}
{"level":"info","message":"\u001b[0mGET /api/v1/transaction-entry \u001b[36m304\u001b[0m 2.145 ms - -\u001b[0m","timestamp":"2026-03-19T04:53:36.603Z"}
{"level":"info","message":"\u001b[0mGET /api/v1/transaction-entry \u001b[36m304\u001b[0m 1.820 ms - -\u001b[0m","timestamp":"2026-03-19T04:53:36.607Z"}
{"level":"info","message":"\u001b[0mGET /api/v1/transaction-entry \u001b[36m304\u001b[0m 1.388 ms - -\u001b[0m","timestamp":"2026-03-19T04:53:39.169Z"}
{"level":"info","message":"\u001b[0mGET /api/v1/transaction-entry \u001b[36m304\u001b[0m 1.436 ms - -\u001b[0m","timestamp":"2026-03-19T04:53:39.173Z"}
{"level":"info","message":"\u001b[0mGET /api/v1/transaction-entry \u001b[36m304\u001b[0m 2.039 ms - -\u001b[0m","timestamp":"2026-03-19T04:53:41.084Z"}
{"level":"info","message":"\u001b[0mGET /api/v1/transaction-entry \u001b[36m304\u001b[0m 1.381 ms - -\u001b[0m","timestamp":"2026-03-19T04:53:41.088Z"}
{"level":"info","message":"\u001b[0mGET /api/v1/transaction-entry \u001b[36m304\u001b[0m 1.677 ms - -\u001b[0m","timestamp":"2026-03-19T04:53:43.168Z"}
{"level":"info","message":"\u001b[0mGET /api/v1/transaction-entry \u001b[36m304\u001b[0m 1.188 ms - -\u001b[0m","timestamp":"2026-03-19T04:53:43.171Z"}
{"level":"info","message":"\u001b[0mGET /api/v1/transaction-entry \u001b[36m304\u001b[0m 3.570 ms - -\u001b[0m","timestamp":"2026-03-19T04:53:49.294Z"}
{"level":"info","message":"\u001b[0mGET /api/v1/transaction-entry \u001b[36m304\u001b[0m 3.575 ms - -\u001b[0m","timestamp":"2026-03-19T04:53:49.301Z"}
{"level":"info","message":"\u001b[0mGET /api/v1/transaction-entry \u001b[36m304\u001b[0m 1.964 ms - -\u001b[0m","timestamp":"2026-03-19T05:00:55.337Z"}
{"level":"info","message":"\u001b[0mGET /api/v1/transaction-entry \u001b[36m304\u001b[0m 1.815 ms - -\u001b[0m","timestamp":"2026-03-19T05:00:55.341Z"}
{"level":"info","message":"\u001b[0mGET /api/v1/transaction-entry \u001b[36m304\u001b[0m 1.682 ms - -\u001b[0m","timestamp":"2026-03-19T05:37:56.600Z"}
{"level":"info","message":"\u001b[0mGET /api/v1/transaction-entry \u001b[36m304\u001b[0m 1.598 ms - -\u001b[0m","timestamp":"2026-03-19T05:37:56.603Z"}
{"level":"info","message":"\u001b[0mGET /api/v1/transaction-entry \u001b[36m304\u001b[0m 2.717 ms - -\u001b[0m","timestamp":"2026-03-19T05:49:13.871Z"}
{"level":"info","message":"\u001b[0mGET /api/v1/transaction-entry \u001b[36m304\u001b[0m 1.319 ms - -\u001b[0m","timestamp":"2026-03-19T05:49:13.874Z"}
{"level":"info","message":"\u001b[0mGET /api/v1/transaction-entry \u001b[36m304\u001b[0m 2.832 ms - -\u001b[0m","timestamp":"2026-03-19T05:49:22.160Z"}
{"level":"info","message":"\u001b[0mGET /api/v1/transaction-entry \u001b[36m304\u001b[0m 1.393 ms - -\u001b[0m","timestamp":"2026-03-19T05:49:22.163Z"}
{"level":"info","message":"\u001b[0mGET /api/v1/transaction-entry \u001b[36m304\u001b[0m 2.026 ms - -\u001b[0m","timestamp":"2026-03-19T06:00:16.773Z"}
{"level":"info","message":"\u001b[0mGET /api/v1/transaction-entry \u001b[36m304\u001b[0m 1.364 ms - -\u001b[0m","timestamp":"2026-03-19T06:00:16.776Z"}
{"level":"info","message":"✅ Database connected successfully","timestamp":"2026-03-23T00:52:21.527Z"}
{"level":"info","message":"🚀 Server running on port 2009","timestamp":"2026-03-23T00:52:21.535Z"}
{"level":"info","message":"\u001b[0mGET /api/v1/transaction-entry \u001b[32m200\u001b[0m 84.237 ms - 801\u001b[0m","timestamp":"2026-03-23T01:37:55.636Z"}
{"level":"info","message":"\u001b[0mGET /api/v1/transaction-entry \u001b[36m304\u001b[0m 2.220 ms - -\u001b[0m","timestamp":"2026-03-23T01:37:55.642Z"}
{"level":"info","message":"\u001b[0mGET /api/v1/transaction-entry \u001b[36m304\u001b[0m 3.286 ms - -\u001b[0m","timestamp":"2026-03-23T01:37:57.660Z"}
{"level":"info","message":"\u001b[0mGET /api/v1/transaction-entry \u001b[36m304\u001b[0m 1.250 ms - -\u001b[0m","timestamp":"2026-03-23T01:37:57.664Z"}
{"level":"info","message":"\u001b[0mGET /api/v1/transaction-entry \u001b[36m304\u001b[0m 7.515 ms - -\u001b[0m","timestamp":"2026-03-23T01:38:01.550Z"}
{"level":"info","message":"\u001b[0mGET /api/v1/transaction-entry \u001b[36m304\u001b[0m 2.987 ms - -\u001b[0m","timestamp":"2026-03-23T01:38:01.558Z"}
{"level":"info","message":"\u001b[0mGET /api/v1/transaction-entry \u001b[36m304\u001b[0m 4.606 ms - -\u001b[0m","timestamp":"2026-03-23T01:40:06.951Z"}
{"level":"info","message":"\u001b[0mGET /api/v1/transaction-entry \u001b[36m304\u001b[0m 2.385 ms - -\u001b[0m","timestamp":"2026-03-23T01:40:06.959Z"}
{"level":"info","message":"\u001b[0mGET /api/v1/transaction-entry \u001b[36m304\u001b[0m 6.574 ms - -\u001b[0m","timestamp":"2026-03-23T01:46:05.248Z"}
{"level":"info","message":"\u001b[0mGET /api/v1/transaction-entry \u001b[36m304\u001b[0m 2.331 ms - -\u001b[0m","timestamp":"2026-03-23T01:46:05.254Z"}
{"level":"info","message":"✅ Database connected successfully","timestamp":"2026-03-23T02:36:09.361Z"}
{"level":"info","message":"🚀 Server running on port 2009","timestamp":"2026-03-23T02:36:09.366Z"}
{"level":"info","message":"✅ Database connected successfully","timestamp":"2026-03-23T02:36:51.832Z"}
{"level":"info","message":"🚀 Server running on port 2009","timestamp":"2026-03-23T02:36:51.836Z"}
{"level":"info","message":"✅ Database connected successfully","timestamp":"2026-03-23T02:40:21.870Z"}
{"level":"info","message":"🚀 Server running on port 2009","timestamp":"2026-03-23T02:40:21.874Z"}
{"level":"info","message":"✅ Database connected successfully","timestamp":"2026-03-23T02:40:50.738Z"}
{"level":"info","message":"🚀 Server running on port 2009","timestamp":"2026-03-23T02:40:50.743Z"}
{"level":"info","message":"✅ Database connected successfully","timestamp":"2026-03-23T02:41:16.391Z"}
{"level":"info","message":"🚀 Server running on port 2009","timestamp":"2026-03-23T02:41:16.395Z"}
{"level":"info","message":"✅ Database connected successfully","timestamp":"2026-03-23T02:41:17.469Z"}
{"level":"info","message":"🚀 Server running on port 2009","timestamp":"2026-03-23T02:41:17.474Z"}
{"level":"info","message":"✅ Database connected successfully","timestamp":"2026-03-23T02:41:42.971Z"}
{"level":"info","message":"🚀 Server running on port 2009","timestamp":"2026-03-23T02:41:42.975Z"}
{"level":"info","message":"✅ Database connected successfully","timestamp":"2026-03-23T02:41:46.664Z"}
{"level":"info","message":"🚀 Server running on port 2009","timestamp":"2026-03-23T02:41:46.669Z"}
{"level":"info","message":"✅ Database connected successfully","timestamp":"2026-03-23T02:41:50.797Z"}
{"level":"info","message":"🚀 Server running on port 2009","timestamp":"2026-03-23T02:41:50.801Z"}
{"level":"info","message":"\u001b[0mPOST /api/v1/items-entry \u001b[31m500\u001b[0m 15.854 ms - 72\u001b[0m","timestamp":"2026-03-23T02:45:15.966Z"}
{"level":"info","message":"✅ Database connected successfully","timestamp":"2026-03-23T02:45:39.965Z"}
{"level":"info","message":"🚀 Server running on port 2009","timestamp":"2026-03-23T02:45:39.969Z"}
{"level":"info","message":"✅ Database connected successfully","timestamp":"2026-03-23T02:45:42.978Z"}
{"level":"info","message":"🚀 Server running on port 2009","timestamp":"2026-03-23T02:45:42.982Z"}
{"level":"info","message":"\u001b[0mPOST /api/v1/items-entry \u001b[32m200\u001b[0m 41.921 ms - 56\u001b[0m","timestamp":"2026-03-23T02:45:56.652Z"}
{"level":"error","message":"SyntaxError: Expected ',' or ']' after array element in JSON at position 340 (line 18 column 5)\n    at JSON.parse (<anonymous>)\n    at parse (C:\\Personal Projects\\android-kotlin\\backend-kotlin\\node_modules\\body-parser\\lib\\types\\json.js:72:19)\n    at C:\\Personal Projects\\android-kotlin\\backend-kotlin\\node_modules\\body-parser\\lib\\read.js:162:18\n    at AsyncResource.runInAsyncScope (node:async_hooks:211:14)\n    at invokeCallback (C:\\Personal Projects\\android-kotlin\\backend-kotlin\\node_modules\\raw-body\\index.js:238:16)\n    at done (C:\\Personal Projects\\android-kotlin\\backend-kotlin\\node_modules\\raw-body\\index.js:227:7)\n    at IncomingMessage.onEnd (C:\\Personal Projects\\android-kotlin\\backend-kotlin\\node_modules\\raw-body\\index.js:287:7)\n    at IncomingMessage.emit (node:events:524:28)\n    at endReadableNT (node:internal/streams/readable:1698:12)\n    at process.processTicksAndRejections (node:internal/process/task_queues:90:21)","timestamp":"2026-03-23T02:46:33.685Z"}
{"level":"info","message":"\u001b[0mPOST /api/v1/items-entry \u001b[32m200\u001b[0m 13.046 ms - 56\u001b[0m","timestamp":"2026-03-23T02:46:39.570Z"}
{"level":"info","message":"\u001b[0mPOST /api/v1/items-entry \u001b[32m200\u001b[0m 8.781 ms - 56\u001b[0m","timestamp":"2026-03-23T02:46:52.463Z"}
{"level":"info","message":"✅ Database connected successfully","timestamp":"2026-03-23T02:55:13.193Z"}
{"level":"info","message":"🚀 Server running on port 2009","timestamp":"2026-03-23T02:55:13.197Z"}
{"level":"info","message":"\u001b[0mPOST /api/v1/items-entry \u001b[31m500\u001b[0m 11.630 ms - 118\u001b[0m","timestamp":"2026-03-23T02:55:20.319Z"}
{"level":"info","message":"✅ Database connected successfully","timestamp":"2026-03-23T03:00:12.297Z"}
{"level":"info","message":"🚀 Server running on port 2009","timestamp":"2026-03-23T03:00:12.302Z"}
{"level":"info","message":"\u001b[0mPOST /api/v1/items-entry \u001b[31m500\u001b[0m 22.427 ms - 90\u001b[0m","timestamp":"2026-03-23T03:00:32.386Z"}
{"level":"info","message":"✅ Database connected successfully","timestamp":"2026-03-23T03:01:34.779Z"}
{"level":"info","message":"🚀 Server running on port 2009","timestamp":"2026-03-23T03:01:34.783Z"}
{"level":"info","message":"\u001b[0mPOST /api/v1/items-entry \u001b[31m500\u001b[0m 21.450 ms - 255\u001b[0m","timestamp":"2026-03-23T03:01:37.060Z"}
{"level":"info","message":"✅ Database connected successfully","timestamp":"2026-03-23T03:02:07.446Z"}
{"level":"info","message":"🚀 Server running on port 2009","timestamp":"2026-03-23T03:02:07.451Z"}
{"level":"info","message":"\u001b[0mPOST /api/v1/items-entry \u001b[32m200\u001b[0m 10.049 ms - 56\u001b[0m","timestamp":"2026-03-23T03:02:10.011Z"}
{"level":"info","message":"\u001b[0mPOST /api/v1/items-entry \u001b[32m200\u001b[0m 4.606 ms - 56\u001b[0m","timestamp":"2026-03-23T03:02:38.162Z"}
{"level":"info","message":"\u001b[0mPOST /api/v1/items-entry \u001b[32m200\u001b[0m 18.395 ms - 56\u001b[0m","timestamp":"2026-03-23T03:02:50.238Z"}
{"level":"info","message":"\u001b[0mPOST /api/v1/items-entry \u001b[32m200\u001b[0m 3.742 ms - 56\u001b[0m","timestamp":"2026-03-23T03:03:03.657Z"}
{"level":"info","message":"\u001b[0mGET /api/v1/transaction-entry \u001b[36m304\u001b[0m 9.948 ms - -\u001b[0m","timestamp":"2026-03-23T04:25:18.047Z"}
{"level":"info","message":"\u001b[0mGET /api/v1/transaction-entry \u001b[36m304\u001b[0m 1.369 ms - -\u001b[0m","timestamp":"2026-03-23T04:25:18.052Z"}
{"level":"info","message":"\u001b[0mPOST /api/v1/items-entry \u001b[32m200\u001b[0m 9.069 ms - 56\u001b[0m","timestamp":"2026-03-23T05:34:51.645Z"}
{"level":"info","message":"\u001b[0mGET /api/v1/transaction-entry \u001b[36m304\u001b[0m 2.804 ms - -\u001b[0m","timestamp":"2026-03-23T06:56:22.435Z"}
{"level":"info","message":"\u001b[0mGET /api/v1/transaction-entry \u001b[36m304\u001b[0m 4.089 ms - -\u001b[0m","timestamp":"2026-03-23T06:56:22.443Z"}
{"level":"info","message":"\u001b[0mGET /api/v1/transaction-entry \u001b[36m304\u001b[0m 5.480 ms - -\u001b[0m","timestamp":"2026-03-23T06:57:00.957Z"}
{"level":"info","message":"\u001b[0mGET /api/v1/transaction-entry \u001b[36m304\u001b[0m 3.371 ms - -\u001b[0m","timestamp":"2026-03-23T06:57:00.968Z"}
{"level":"info","message":"\u001b[0mGET /api/v1/transaction-entry \u001b[36m304\u001b[0m 2.245 ms - -\u001b[0m","timestamp":"2026-03-23T06:57:06.937Z"}
{"level":"info","message":"\u001b[0mGET /api/v1/transaction-entry \u001b[36m304\u001b[0m 1.169 ms - -\u001b[0m","timestamp":"2026-03-23T06:57:06.939Z"}
{"level":"info","message":"✅ Database connected successfully","timestamp":"2026-03-23T06:59:56.639Z"}
{"level":"info","message":"🚀 Server running on port 2009","timestamp":"2026-03-23T06:59:56.644Z"}
{"level":"info","message":"✅ Database connected successfully","timestamp":"2026-03-23T07:00:04.700Z"}
{"level":"info","message":"🚀 Server running on port 2009","timestamp":"2026-03-23T07:00:04.705Z"}
{"level":"info","message":"\u001b[0mPOST /api/v1/items-entry \u001b[32m200\u001b[0m 16.624 ms - 56\u001b[0m","timestamp":"2026-03-23T07:00:11.410Z"}
{"level":"info","message":"✅ Database connected successfully","timestamp":"2026-03-23T07:03:22.030Z"}
{"level":"info","message":"🚀 Server running on port 2009","timestamp":"2026-03-23T07:03:22.035Z"}
{"level":"info","message":"✅ Database connected successfully","timestamp":"2026-03-23T07:03:25.576Z"}
{"level":"info","message":"🚀 Server running on port 2009","timestamp":"2026-03-23T07:03:25.580Z"}
{"level":"info","message":"✅ Database connected successfully","timestamp":"2026-03-23T07:03:26.762Z"}
{"level":"info","message":"🚀 Server running on port 2009","timestamp":"2026-03-23T07:03:26.767Z"}
{"level":"info","message":"✅ Database connected successfully","timestamp":"2026-03-23T07:03:38.208Z"}
{"level":"info","message":"🚀 Server running on port 2009","timestamp":"2026-03-23T07:03:38.212Z"}
{"level":"info","message":"\u001b[0mPOST /api/v1/items-entry \u001b[32m200\u001b[0m 23.791 ms - 56\u001b[0m","timestamp":"2026-03-23T07:03:48.791Z"}
{"level":"info","message":"\u001b[0mPOST /api/v1/items-entry \u001b[32m200\u001b[0m 7.962 ms - 56\u001b[0m","timestamp":"2026-03-23T07:03:59.743Z"}
{"level":"info","message":"\u001b[0mPOST /api/v1/items-entry \u001b[32m200\u001b[0m 2.470 ms - 56\u001b[0m","timestamp":"2026-03-23T07:04:13.493Z"}
{"level":"info","message":"\u001b[0mGET /api/v1/transaction-entry \u001b[36m304\u001b[0m 12.499 ms - -\u001b[0m","timestamp":"2026-03-23T07:25:05.004Z"}
{"level":"info","message":"\u001b[0mGET /api/v1/transaction-entry \u001b[36m304\u001b[0m 2.747 ms - -\u001b[0m","timestamp":"2026-03-23T07:25:05.013Z"}
{"level":"info","message":"✅ Database connected successfully","timestamp":"2026-03-23T07:25:32.604Z"}
{"level":"info","message":"🚀 Server running on port 2009","timestamp":"2026-03-23T07:25:32.608Z"}
{"level":"info","message":"✅ Database connected successfully","timestamp":"2026-03-23T07:25:37.267Z"}
{"level":"info","message":"🚀 Server running on port 2009","timestamp":"2026-03-23T07:25:37.271Z"}
{"level":"info","message":"✅ Database connected successfully","timestamp":"2026-03-23T07:25:45.379Z"}
{"level":"info","message":"🚀 Server running on port 2009","timestamp":"2026-03-23T07:25:45.383Z"}
{"level":"info","message":"✅ Database connected successfully","timestamp":"2026-03-23T07:25:52.544Z"}
{"level":"info","message":"🚀 Server running on port 2009","timestamp":"2026-03-23T07:25:52.549Z"}
{"level":"info","message":"✅ Database connected successfully","timestamp":"2026-03-23T07:26:01.455Z"}
{"level":"info","message":"🚀 Server running on port 2009","timestamp":"2026-03-23T07:26:01.460Z"}
{"level":"info","message":"✅ Database connected successfully","timestamp":"2026-03-23T07:26:04.560Z"}
{"level":"info","message":"🚀 Server running on port 2009","timestamp":"2026-03-23T07:26:04.566Z"}
{"level":"info","message":"✅ Database connected successfully","timestamp":"2026-03-23T07:26:07.821Z"}
{"level":"info","message":"🚀 Server running on port 2009","timestamp":"2026-03-23T07:26:07.825Z"}
{"level":"info","message":"✅ Database connected successfully","timestamp":"2026-03-23T07:26:16.145Z"}
{"level":"info","message":"🚀 Server running on port 2009","timestamp":"2026-03-23T07:26:16.149Z"}
{"level":"info","message":"✅ Database connected successfully","timestamp":"2026-03-23T07:26:31.817Z"}
{"level":"info","message":"🚀 Server running on port 2009","timestamp":"2026-03-23T07:26:31.821Z"}
{"level":"info","message":"✅ Database connected successfully","timestamp":"2026-03-23T07:26:32.621Z"}
{"level":"info","message":"🚀 Server running on port 2009","timestamp":"2026-03-23T07:26:32.625Z"}
{"level":"info","message":"\u001b[0mGET /api/v1/paginated-items-entry?page=1&limit=5 \u001b[32m200\u001b[0m 20.634 ms - 705\u001b[0m","timestamp":"2026-03-23T07:27:24.342Z"}
{"level":"info","message":"✅ Database connected successfully","timestamp":"2026-03-23T07:27:53.955Z"}
{"level":"info","message":"🚀 Server running on port 2009","timestamp":"2026-03-23T07:27:53.959Z"}
{"level":"info","message":"✅ Database connected successfully","timestamp":"2026-03-23T07:31:22.922Z"}
{"level":"info","message":"🚀 Server running on port 2009","timestamp":"2026-03-23T07:31:22.926Z"}
{"level":"info","message":"✅ Database connected successfully","timestamp":"2026-03-23T07:41:01.722Z"}
{"level":"info","message":"🚀 Server running on port 2009","timestamp":"2026-03-23T07:41:01.726Z"}
{"level":"info","message":"✅ Database connected successfully","timestamp":"2026-03-23T07:41:19.414Z"}
{"level":"info","message":"🚀 Server running on port 2009","timestamp":"2026-03-23T07:41:19.419Z"}
{"level":"info","message":"\u001b[0mPOST /api/v1/items-entry \u001b[31m500\u001b[0m 13.994 ms - 80\u001b[0m","timestamp":"2026-03-23T07:41:55.602Z"}
{"level":"info","message":"✅ Database connected successfully","timestamp":"2026-03-23T07:42:01.356Z"}
{"level":"info","message":"🚀 Server running on port 2009","timestamp":"2026-03-23T07:42:01.368Z"}
{"level":"info","message":"\u001b[0mPOST /api/v1/items-entry \u001b[32m200\u001b[0m 18.513 ms - 56\u001b[0m","timestamp":"2026-03-23T07:42:02.264Z"}
{"level":"info","message":"\u001b[0mPOST /api/v1/items-entry \u001b[32m200\u001b[0m 11.256 ms - 56\u001b[0m","timestamp":"2026-03-23T07:42:30.637Z"}
{"level":"info","message":"\u001b[0mPOST /api/v1/items-entry \u001b[32m200\u001b[0m 9.250 ms - 56\u001b[0m","timestamp":"2026-03-23T07:42:40.883Z"}
{"level":"info","message":"\u001b[0mPOST /api/v1/items-entry \u001b[32m200\u001b[0m 5.765 ms - 56\u001b[0m","timestamp":"2026-03-23T07:45:03.199Z"}
{"level":"info","message":"\u001b[0mPOST /api/v1/items-entry \u001b[32m200\u001b[0m 8.377 ms - 56\u001b[0m","timestamp":"2026-03-23T07:45:39.213Z"}
{"level":"info","message":"✅ Database connected successfully","timestamp":"2026-03-23T07:49:20.538Z"}
{"level":"info","message":"🚀 Server running on port 2009","timestamp":"2026-03-23T07:49:20.543Z"}
{"level":"info","message":"✅ Database connected successfully","timestamp":"2026-03-23T07:49:29.490Z"}
{"level":"info","message":"🚀 Server running on port 2009","timestamp":"2026-03-23T07:49:29.495Z"}
{"level":"info","message":"✅ Database connected successfully","timestamp":"2026-03-23T07:51:26.771Z"}
{"level":"info","message":"🚀 Server running on port 2009","timestamp":"2026-03-23T07:51:26.778Z"}
{"level":"info","message":"\u001b[0mPOST /api/v1/items-entry \u001b[32m200\u001b[0m 10.467 ms - 54\u001b[0m","timestamp":"2026-03-23T07:53:09.930Z"}
{"level":"info","message":"✅ Database connected successfully","timestamp":"2026-03-23T07:54:37.462Z"}
{"level":"info","message":"🚀 Server running on port 2009","timestamp":"2026-03-23T07:54:37.473Z"}
{"level":"info","message":"\u001b[0mPOST /api/v1/items-entry \u001b[32m200\u001b[0m 34.497 ms - 56\u001b[0m","timestamp":"2026-03-23T07:54:42.773Z"}
{"level":"info","message":"\u001b[0mPOST /api/v1/items-entry \u001b[32m200\u001b[0m 11.863 ms - 56\u001b[0m","timestamp":"2026-03-23T07:54:58.156Z"}
{"level":"info","message":"\u001b[0mPOST /api/v1/items-entry \u001b[33m400\u001b[0m 1.380 ms - 45\u001b[0m","timestamp":"2026-03-23T07:57:05.506Z"}
{"level":"info","message":"✅ Database connected successfully","timestamp":"2026-03-23T08:02:50.083Z"}
{"level":"info","message":"🚀 Server running on port 2009","timestamp":"2026-03-23T08:02:50.087Z"}
{"level":"info","message":"✅ Database connected successfully","timestamp":"2026-03-23T08:02:53.280Z"}
{"level":"info","message":"🚀 Server running on port 2009","timestamp":"2026-03-23T08:02:53.292Z"}
{"level":"info","message":"✅ Database connected successfully","timestamp":"2026-03-23T08:05:31.129Z"}
{"level":"info","message":"🚀 Server running on port 2009","timestamp":"2026-03-23T08:05:31.134Z"}
{"level":"info","message":"\u001b[0mPOST /api/v1/items-entry \u001b[32m200\u001b[0m 38.324 ms - 54\u001b[0m","timestamp":"2026-03-23T08:05:38.159Z"}
{"level":"info","message":"\u001b[0mPOST /api/v1/items-entry \u001b[32m200\u001b[0m 11.889 ms - 54\u001b[0m","timestamp":"2026-03-23T08:05:56.267Z"}
{"level":"info","message":"✅ Database connected successfully","timestamp":"2026-03-23T08:12:23.922Z"}
{"level":"info","message":"🚀 Server running on port 2009","timestamp":"2026-03-23T08:12:23.927Z"}
{"level":"info","message":"\u001b[0mGET /api/v1/transaction-entry \u001b[36m304\u001b[0m 17.908 ms - -\u001b[0m","timestamp":"2026-03-23T08:14:52.717Z"}
{"level":"info","message":"\u001b[0mGET /api/v1/transaction-entry \u001b[36m304\u001b[0m 3.253 ms - -\u001b[0m","timestamp":"2026-03-23T08:14:52.725Z"}
{"level":"info","message":"\u001b[0mGET /api/v1/transaction-entry \u001b[36m304\u001b[0m 2.058 ms - -\u001b[0m","timestamp":"2026-03-23T08:17:21.109Z"}
{"level":"info","message":"\u001b[0mGET /api/v1/transaction-entry \u001b[36m304\u001b[0m 1.990 ms - -\u001b[0m","timestamp":"2026-03-23T08:17:21.114Z"}
{"level":"info","message":"\u001b[0mGET /api/v1/paginated-items-entry?page=1&limit=5 \u001b[32m200\u001b[0m 9.289 ms - 498\u001b[0m","timestamp":"2026-03-23T08:44:53.750Z"}
{"level":"info","message":"✅ Database connected successfully","timestamp":"2026-03-23T08:56:13.790Z"}
{"level":"info","message":"🚀 Server running on port 2009","timestamp":"2026-03-23T08:56:13.796Z"}
{"level":"info","message":"✅ Database connected successfully","timestamp":"2026-03-24T07:41:18.815Z"}
{"level":"info","message":"🚀 Server running on port 2009","timestamp":"2026-03-24T07:41:18.824Z"}
{"level":"info","message":"✅ Database connected successfully","timestamp":"2026-03-25T02:24:51.076Z"}
{"level":"info","message":"🚀 Server running on port 2009","timestamp":"2026-03-25T02:24:51.082Z"}
{"level":"info","message":"\u001b[0mGET /api/v1/items-entry \u001b[32m200\u001b[0m 80.390 ms - 457\u001b[0m","timestamp":"2026-03-25T02:25:00.471Z"}
{"level":"info","message":"✅ Database connected successfully","timestamp":"2026-03-25T02:26:14.626Z"}
{"level":"info","message":"🚀 Server running on port 2009","timestamp":"2026-03-25T02:26:14.631Z"}
{"level":"info","message":"✅ Database connected successfully","timestamp":"2026-03-25T02:26:29.389Z"}
{"level":"info","message":"🚀 Server running on port 2009","timestamp":"2026-03-25T02:26:29.396Z"}
{"level":"info","message":"✅ Database connected successfully","timestamp":"2026-03-25T02:26:39.706Z"}
{"level":"info","message":"🚀 Server running on port 2009","timestamp":"2026-03-25T02:26:39.712Z"}
{"level":"info","message":"✅ Database connected successfully","timestamp":"2026-03-25T02:26:43.905Z"}
{"level":"info","message":"🚀 Server running on port 2009","timestamp":"2026-03-25T02:26:43.910Z"}
{"level":"info","message":"✅ Database connected successfully","timestamp":"2026-03-25T02:26:47.157Z"}
{"level":"info","message":"🚀 Server running on port 2009","timestamp":"2026-03-25T02:26:47.163Z"}
{"level":"info","message":"\u001b[0mGET /api/v1/items-entry/2 \u001b[32m200\u001b[0m 13.002 ms - 457\u001b[0m","timestamp":"2026-03-25T02:26:55.069Z"}
{"level":"info","message":"\u001b[0mGET /api/v1/items-entry/1 \u001b[32m200\u001b[0m 3.447 ms - 457\u001b[0m","timestamp":"2026-03-25T02:27:24.714Z"}
{"level":"info","message":"\u001b[0mGET /api/v1/items-entry/2 \u001b[32m200\u001b[0m 1.553 ms - 457\u001b[0m","timestamp":"2026-03-25T02:27:34.013Z"}
{"level":"info","message":"✅ Database connected successfully","timestamp":"2026-03-25T02:27:49.792Z"}
{"level":"info","message":"🚀 Server running on port 2009","timestamp":"2026-03-25T02:27:49.797Z"}
{"level":"info","message":"\u001b[0mGET /api/v1/items-entry/2 \u001b[32m200\u001b[0m 21.254 ms - 234\u001b[0m","timestamp":"2026-03-25T02:27:52.592Z"}
{"level":"info","message":"✅ Database connected successfully","timestamp":"2026-03-25T02:28:08.454Z"}
{"level":"info","message":"🚀 Server running on port 2009","timestamp":"2026-03-25T02:28:08.468Z"}
{"level":"info","message":"\u001b[0mGET /api/v1/items-entry/2 \u001b[32m200\u001b[0m 18.377 ms - 235\u001b[0m","timestamp":"2026-03-25T02:28:09.822Z"}
{"level":"info","message":"\u001b[0mGET /api/v1/hu-entry/2 \u001b[32m200\u001b[0m 13.617 ms - 293\u001b[0m","timestamp":"2026-03-25T02:28:52.420Z"}
{"level":"info","message":"\u001b[0mGET /api/v1/items-entry/2 \u001b[32m200\u001b[0m 4.806 ms - 235\u001b[0m","timestamp":"2026-03-25T02:29:18.239Z"}
{"level":"info","message":"✅ Database connected successfully","timestamp":"2026-03-25T02:29:58.731Z"}
{"level":"info","message":"🚀 Server running on port 2009","timestamp":"2026-03-25T02:29:58.735Z"}
{"level":"info","message":"✅ Database connected successfully","timestamp":"2026-03-25T02:30:06.961Z"}
{"level":"info","message":"🚀 Server running on port 2009","timestamp":"2026-03-25T02:30:06.965Z"}
{"level":"info","message":"✅ Database connected successfully","timestamp":"2026-03-25T02:30:17.995Z"}
{"level":"info","message":"🚀 Server running on port 2009","timestamp":"2026-03-25T02:30:18.000Z"}
{"level":"info","message":"✅ Database connected successfully","timestamp":"2026-03-25T02:30:27.663Z"}
{"level":"info","message":"🚀 Server running on port 2009","timestamp":"2026-03-25T02:30:27.670Z"}
{"level":"info","message":"\u001b[0mGET /api/v1/items-entry/2 \u001b[32m200\u001b[0m 16.678 ms - 659\u001b[0m","timestamp":"2026-03-25T02:30:30.460Z"}
{"level":"info","message":"✅ Database connected successfully","timestamp":"2026-03-25T02:31:02.131Z"}
{"level":"info","message":"🚀 Server running on port 2009","timestamp":"2026-03-25T02:31:02.136Z"}
{"level":"info","message":"✅ Database connected successfully","timestamp":"2026-03-25T02:31:09.855Z"}
{"level":"info","message":"🚀 Server running on port 2009","timestamp":"2026-03-25T02:31:09.860Z"}
{"level":"info","message":"✅ Database connected successfully","timestamp":"2026-03-25T02:31:13.199Z"}
{"level":"info","message":"🚀 Server running on port 2009","timestamp":"2026-03-25T02:31:13.207Z"}
{"level":"info","message":"\u001b[0mGET /api/v1/items-entry/2 \u001b[32m200\u001b[0m 10.597 ms - 659\u001b[0m","timestamp":"2026-03-25T02:31:13.993Z"}
{"level":"info","message":"\u001b[0mGET /api/v1/items-entry/2 \u001b[32m200\u001b[0m 1.595 ms - 659\u001b[0m","timestamp":"2026-03-25T02:31:19.264Z"}
{"level":"info","message":"✅ Database connected successfully","timestamp":"2026-03-25T02:31:26.706Z"}
{"level":"info","message":"🚀 Server running on port 2009","timestamp":"2026-03-25T02:31:26.713Z"}
{"level":"info","message":"\u001b[0mGET /api/v1/items-entry/2 \u001b[32m200\u001b[0m 24.732 ms - 235\u001b[0m","timestamp":"2026-03-25T02:31:27.374Z"}
{"level":"info","message":"✅ Database connected successfully","timestamp":"2026-03-25T02:31:45.450Z"}
{"level":"info","message":"🚀 Server running on port 2009","timestamp":"2026-03-25T02:31:45.455Z"}
{"level":"info","message":"\u001b[0mGET /api/v1/items-entry/2 \u001b[32m200\u001b[0m 7.088 ms - 659\u001b[0m","timestamp":"2026-03-25T02:31:47.959Z"}
